# JRE version: OpenJDK Runtime Environment (8.0_152-b01) (build 1.8.0_152-release-1248-b01)
# Java VM: OpenJDK 64-Bit Server VM (25.152-b01 mixed mode windows-amd64 compressed oops)
Heap:
 PSYoungGen      total 38400K, used 11612K [0x00000000e0000000, 0x00000000e3c80000, 0x0000000100000000)
  eden space 33280K, 23% used [0x00000000e0000000,0x00000000e07bab70,0x00000000e2080000)
  from space 5120K, 72% used [0x00000000e2580000,0x00000000e291c6d0,0x00000000e2a80000)
  to   space 5120K, 0% used [0x00000000e2080000,0x00000000e2080000,0x00000000e2580000)
 ParOldGen       total 54784K, used 4578K [0x00000000a0000000, 0x00000000a3580000, 0x00000000e0000000)
  object space 54784K, 8% used [0x00000000a0000000,0x00000000a0478a08,0x00000000a3580000)
 Metaspace       used 15243K, capacity 15670K, committed 16000K, reserved 1064960K
  class space    used 2157K, capacity 2331K, committed 2432K, reserved 1048576K
GC Heap History (10 events):
Event: 1.543 GC heap before
{Heap before GC invocations=1 (full 0):
 PSYoungGen      total 38400K, used 33280K [0x00000000e0000000, 0x00000000e2a80000, 0x0000000100000000)
  eden space 33280K, 100% used [0x00000000e0000000,0x00000000e2080000,0x00000000e2080000)
  from space 5120K, 0% used [0x00000000e2580000,0x00000000e2580000,0x00000000e2a80000)
  to   space 5120K, 0% used [0x00000000e2080000,0x00000000e2080000,0x00000000e2580000)
 ParOldGen       total 87552K, used 0K [0x00000000a0000000, 0x00000000a5580000, 0x00000000e0000000)
  object space 87552K, 0% used [0x00000000a0000000,0x00000000a0000000,0x00000000a5580000)
 Metaspace       used 6892K, capacity 7034K, committed 7296K, reserved 1056768K
  class space    used 836K, capacity 879K, committed 896K, reserved 1048576K
Event: 1.551 GC heap after
Heap after GC invocations=1 (full 0):
 PSYoungGen      total 38400K, used 4462K [0x00000000e0000000, 0x00000000e2a80000, 0x0000000100000000)
  eden space 33280K, 0% used [0x00000000e0000000,0x00000000e0000000,0x00000000e2080000)
  from space 5120K, 87% used [0x00000000e2080000,0x00000000e24db9f0,0x00000000e2580000)
  to   space 5120K, 0% used [0x00000000e2580000,0x00000000e2580000,0x00000000e2a80000)
 ParOldGen       total 87552K, used 8K [0x00000000a0000000, 0x00000000a5580000, 0x00000000e0000000)
  object space 87552K, 0% used [0x00000000a0000000,0x00000000a0002000,0x00000000a5580000)
 Metaspace       used 6892K, capacity 7034K, committed 7296K, reserved 1056768K
  class space    used 836K, capacity 879K, committed 896K, reserved 1048576K
}
Event: 2.275 GC heap before
{Heap before GC invocations=2 (full 0):
 PSYoungGen      total 38400K, used 37742K [0x00000000e0000000, 0x00000000e2a80000, 0x0000000100000000)
  eden space 33280K, 100% used [0x00000000e0000000,0x00000000e2080000,0x00000000e2080000)
  from space 5120K, 87% used [0x00000000e2080000,0x00000000e24db9f0,0x00000000e2580000)
  to   space 5120K, 0% used [0x00000000e2580000,0x00000000e2580000,0x00000000e2a80000)
 ParOldGen       total 87552K, used 8K [0x00000000a0000000, 0x00000000a5580000, 0x00000000e0000000)
  object space 87552K, 0% used [0x00000000a0000000,0x00000000a0002000,0x00000000a5580000)
 Metaspace       used 9311K, capacity 9640K, committed 9856K, reserved 1058816K
  class space    used 1243K, capacity 1360K, committed 1408K, reserved 1048576K
Event: 2.282 GC heap after
Heap after GC invocations=2 (full 0):
 PSYoungGen      total 38400K, used 5100K [0x00000000e0000000, 0x00000000e2a80000, 0x0000000100000000)
  eden space 33280K, 0% used [0x00000000e0000000,0x00000000e0000000,0x00000000e2080000)
  from space 5120K, 99% used [0x00000000e2580000,0x00000000e2a7b370,0x00000000e2a80000)
  to   space 5120K, 0% used [0x00000000e2080000,0x00000000e2080000,0x00000000e2580000)
 ParOldGen       total 87552K, used 64K [0x00000000a0000000, 0x00000000a5580000, 0x00000000e0000000)
  object space 87552K, 0% used [0x00000000a0000000,0x00000000a0010000,0x00000000a5580000)
 Metaspace       used 9311K, capacity 9640K, committed 9856K, reserved 1058816K
  class space    used 1243K, capacity 1360K, committed 1408K, reserved 1048576K
}
Event: 4.296 GC heap before
{Heap before GC invocations=3 (full 0):
 PSYoungGen      total 38400K, used 14925K [0x00000000e0000000, 0x00000000e2a80000, 0x0000000100000000)
  eden space 33280K, 29% used [0x00000000e0000000,0x00000000e0998098,0x00000000e2080000)
  from space 5120K, 99% used [0x00000000e2580000,0x00000000e2a7b370,0x00000000e2a80000)
  to   space 5120K, 0% used [0x00000000e2080000,0x00000000e2080000,0x00000000e2580000)
 ParOldGen       total 87552K, used 64K [0x00000000a0000000, 0x00000000a5580000, 0x00000000e0000000)
  object space 87552K, 0% used [0x00000000a0000000,0x00000000a0010000,0x00000000a5580000)
 Metaspace       used 11855K, capacity 12198K, committed 12288K, reserved 1064960K
  class space    used 1574K, capacity 1721K, committed 1792K, reserved 1048576K
Event: 4.303 GC heap after
Heap after GC invocations=3 (full 0):
 PSYoungGen      total 38400K, used 4745K [0x00000000e0000000, 0x00000000e2a80000, 0x0000000100000000)
  eden space 33280K, 0% used [0x00000000e0000000,0x00000000e0000000,0x00000000e2080000)
  from space 5120K, 92% used [0x00000000e2080000,0x00000000e2522610,0x00000000e2580000)
  to   space 5120K, 0% used [0x00000000e2580000,0x00000000e2580000,0x00000000e2a80000)
 ParOldGen       total 87552K, used 72K [0x00000000a0000000, 0x00000000a5580000, 0x00000000e0000000)
  object space 87552K, 0% used [0x00000000a0000000,0x00000000a0012000,0x00000000a5580000)
 Metaspace       used 11855K, capacity 12198K, committed 12288K, reserved 1064960K
  class space    used 1574K, capacity 1721K, committed 1792K, reserved 1048576K
}
Event: 4.303 GC heap before
{Heap before GC invocations=4 (full 1):
 PSYoungGen      total 38400K, used 4745K [0x00000000e0000000, 0x00000000e2a80000, 0x0000000100000000)
  eden space 33280K, 0% used [0x00000000e0000000,0x00000000e0000000,0x00000000e2080000)
  from space 5120K, 92% used [0x00000000e2080000,0x00000000e2522610,0x00000000e2580000)
  to   space 5120K, 0% used [0x00000000e2580000,0x00000000e2580000,0x00000000e2a80000)
 ParOldGen       total 87552K, used 72K [0x00000000a0000000, 0x00000000a5580000, 0x00000000e0000000)
  object space 87552K, 0% used [0x00000000a0000000,0x00000000a0012000,0x00000000a5580000)
 Metaspace       used 11855K, capacity 12198K, committed 12288K, reserved 1064960K
  class space    used 1574K, capacity 1721K, committed 1792K, reserved 1048576K
Event: 4.327 GC heap after
Heap after GC invocations=4 (full 1):
 PSYoungGen      total 38400K, used 0K [0x00000000e0000000, 0x00000000e2a80000, 0x0000000100000000)
  eden space 33280K, 0% used [0x00000000e0000000,0x00000000e0000000,0x00000000e2080000)
  from space 5120K, 0% used [0x00000000e2080000,0x00000000e2080000,0x00000000e2580000)
  to   space 5120K, 0% used [0x00000000e2580000,0x00000000e2580000,0x00000000e2a80000)
 ParOldGen       total 54784K, used 4578K [0x00000000a0000000, 0x00000000a3580000, 0x00000000e0000000)
  object space 54784K, 8% used [0x00000000a0000000,0x00000000a0478a08,0x00000000a3580000)
 Metaspace       used 11855K, capacity 12198K, committed 12288K, reserved 1062912K
  class space    used 1574K, capacity 1721K, committed 1792K, reserved 1048576K
}
Event: 4.733 GC heap before
{Heap before GC invocations=5 (full 1):
 PSYoungGen      total 38400K, used 33280K [0x00000000e0000000, 0x00000000e2a80000, 0x0000000100000000)
  eden space 33280K, 100% used [0x00000000e0000000,0x00000000e2080000,0x00000000e2080000)
  from space 5120K, 0% used [0x00000000e2080000,0x00000000e2080000,0x00000000e2580000)
  to   space 5120K, 0% used [0x00000000e2580000,0x00000000e2580000,0x00000000e2a80000)
 ParOldGen       total 54784K, used 4578K [0x00000000a0000000, 0x00000000a3580000, 0x00000000e0000000)
  object space 54784K, 8% used [0x00000000a0000000,0x00000000a0478a08,0x00000000a3580000)
 Metaspace       used 14333K, capacity 14730K, committed 14976K, reserved 1064960K
  class space    used 2024K, capacity 2163K, committed 2176K, reserved 1048576K
Event: 4.737 GC heap after
Heap after GC invocations=5 (full 1):
 PSYoungGen      total 38400K, used 3697K [0x00000000e0000000, 0x00000000e3c80000, 0x0000000100000000)
  eden space 33280K, 0% used [0x00000000e0000000,0x00000000e0000000,0x00000000e2080000)
  from space 5120K, 72% used [0x00000000e2580000,0x00000000e291c6d0,0x00000000e2a80000)
  to   space 5120K, 0% used [0x00000000e2080000,0x00000000e2080000,0x00000000e2580000)
 ParOldGen       total 54784K, used 4578K [0x00000000a0000000, 0x00000000a3580000, 0x00000000e0000000)
  object space 54784K, 8% used [0x00000000a0000000,0x00000000a0478a08,0x00000000a3580000)
 Metaspace       used 14333K, capacity 14730K, committed 14976K, reserved 1064960K
  class space    used 2024K, capacity 2163K, committed 2176K, reserved 1048576K
}

